


ARM Macro Assembler    Page 1 


    1 00000000                 PRESERVE8
    2 00000000                 THUMB
    3 00000000                 AREA             |.TEXT|,CODE,READONLY
    4 00000000                 EXPORT           __main
    5 00000000         __main
    6 00000000 4805            LDR              R0,=0x20000000
    7 00000002 4906            LDR              R1,=0x20000100
    8 00000004 220A            MOVS             R2,#10
    9 00000006         
   10 00000006         loop
   11 00000006 7805            LDRB             r5,[R0]
   12 00000008 B420            push{r5}
   13 0000000A 1C40            ADDS             R0,R0,#1
   14 0000000C BC40            pop{R6}
   15 0000000E 700E            STRB             R6,[R1]
   16 00000010 1C49            ADDS             R1,R1,#1
   17 00000012 1E52            SUBS             R2,R2,#1
   18 00000014 D1F7            BNE              loop
   19 00000016 BF00            NOP
   20 00000018                 END
              20000000 
              20000100 
Command Line: --debug --xref --cpu=Cortex-M0 --apcs=interwork --depend=copy10st
ack.d -ocopy10stack.o -IC:\Keil\ARM\RV31\Inc -IC:\Keil\ARM\CMSIS\Include -IC:\K
eil\ARM\Inc\Nuvoton\NUC1xx --predefine="__EVAL SETA 1" --list=copy10stack.lst c
opy10stack.asm



ARM Macro Assembler    Page 1 Alphabetic symbol ordering
Relocatable symbols

.TEXT 00000000

Symbol: .TEXT
   Definitions
      At line 3 in file copy10stack.asm
   Uses
      None
Comment: .TEXT unused
__main 00000000

Symbol: __main
   Definitions
      At line 5 in file copy10stack.asm
   Uses
      At line 4 in file copy10stack.asm
Comment: __main used once
loop 00000006

Symbol: loop
   Definitions
      At line 10 in file copy10stack.asm
   Uses
      At line 18 in file copy10stack.asm
Comment: loop used once
3 symbols
336 symbols in table
