


ARM Macro Assembler    Page 1 


    1 00000000                 PRESERVE8
    2 00000000                 THUMB
    3 00000000                 AREA             |.TEXT|,CODE,READONLY
    4 00000000                 EXPORT           __main
    5 00000000         __main
    6 00000000 4804            LDR              R0,=0XABCDEF01
    7 00000002 0001            MOVS             R1,R0
    8 00000004 220F            MOVS             R2,#15
    9 00000006 2304            MOVS             R3,#4
   10 00000008 240D            MOVS             R4,#13
   11 0000000A 41D0            RORS             R0,R0,R2
   12 0000000C 40D8            LSRS             R0,R0,R3
   13 0000000E 41E0            RORS             R0,R0,R4
   14 00000010         
   15 00000010 BF00            NOP
   16 00000012                 END
              00 00 ABCDEF01 
Command Line: --debug --xref --cpu=Cortex-M0 --apcs=interwork --depend=clear.d 
-oclear.o -IC:\Keil\ARM\RV31\Inc -IC:\Keil\ARM\CMSIS\Include -IC:\Keil\ARM\Inc\
Nuvoton\NUC1xx --predefine="__EVAL SETA 1" --list=clear.lst clear.asm



ARM Macro Assembler    Page 1 Alphabetic symbol ordering
Relocatable symbols

.TEXT 00000000

Symbol: .TEXT
   Definitions
      At line 3 in file clear.asm
   Uses
      None
Comment: .TEXT unused
__main 00000000

Symbol: __main
   Definitions
      At line 5 in file clear.asm
   Uses
      At line 4 in file clear.asm
Comment: __main used once
2 symbols
335 symbols in table
