


ARM Macro Assembler    Page 1 


    1 00000000                 PRESERVE8
    2 00000000                 THUMB
    3 00000000                 AREA             |.TEXT|, CODE, READONLY
    4 00000000                 EXPORT           __main
    5 00000000         __main
    6 00000000         
    7 00000000 4801            LDR              R0,=0X00000003
    8 00000002 4902            LDR              R1,=0X00000002
    9 00000004         
   10 00000004 4348            MULS             R0,R1,R0
   11 00000006         
   12 00000006 BF00            NOP
   13 00000008                 END
              00000003 
              00000002 
Command Line: --debug --xref --cpu=Cortex-M0 --apcs=interwork --depend=mul.d -o
mul.o -IC:\Keil\ARM\RV31\Inc -IC:\Keil\ARM\CMSIS\Include -IC:\Keil\ARM\Inc\Nuvo
ton\NUC1xx --predefine="__EVAL SETA 1" --list=mul.lst mul.asm



ARM Macro Assembler    Page 1 Alphabetic symbol ordering
Relocatable symbols

.TEXT 00000000

Symbol: .TEXT
   Definitions
      At line 3 in file mul.asm
   Uses
      None
Comment: .TEXT unused
__main 00000000

Symbol: __main
   Definitions
      At line 5 in file mul.asm
   Uses
      At line 4 in file mul.asm
Comment: __main used once
2 symbols
335 symbols in table
