


ARM Macro Assembler    Page 1 


    1 00000000                 PRESERVE8
    2 00000000                 THUMB
    3 00000000                 AREA             |.TEXT|,CODE,READONLY
    4 00000000                 EXPORT           func2
    5 00000000         func2
    6 00000000 4801            LDR              R0,=0xC
    7 00000002 4770            BX               LR
    8 00000004 BF00            NOP
    9 00000006                 END
              00 00 0000000C 
Command Line: --debug --xref --cpu=Cortex-M0 --apcs=interwork --depend=function
2.d -ofunction2.o -IC:\Keil\ARM\RV31\Inc -IC:\Keil\ARM\CMSIS\Include -IC:\Keil\
ARM\Inc\Nuvoton\NUC1xx --predefine="__EVAL SETA 1" --list=function2.lst functio
n2.asm



ARM Macro Assembler    Page 1 Alphabetic symbol ordering
Relocatable symbols

.TEXT 00000000

Symbol: .TEXT
   Definitions
      At line 3 in file function2.asm
   Uses
      None
Comment: .TEXT unused
func2 00000000

Symbol: func2
   Definitions
      At line 5 in file function2.asm
   Uses
      At line 4 in file function2.asm
Comment: func2 used once
2 symbols
335 symbols in table
