


ARM Macro Assembler    Page 1 


    1 00000000                 PRESERVE8
    2 00000000                 THUMB
    3 00000000                 AREA             |.TEXT|,CODE,READONLY
    4 00000000                 EXPORT           __main
    5 00000000                 EXTERN           func1
    6 00000000         __main
    7 00000000 4801            LDR              R0,=0xA
    8 00000002 F7FF FFFE       BL               func1
    9 00000006 BF00            NOP
   10 00000008                 END
              0000000A 
Command Line: --debug --xref --cpu=Cortex-M0 --apcs=interwork --depend=main.d -
omain.o -IC:\Keil\ARM\RV31\Inc -IC:\Keil\ARM\CMSIS\Include -IC:\Keil\ARM\Inc\Nu
voton\NUC1xx --predefine="__EVAL SETA 1" --list=main.lst main.asm



ARM Macro Assembler    Page 1 Alphabetic symbol ordering
Relocatable symbols

.TEXT 00000000

Symbol: .TEXT
   Definitions
      At line 3 in file main.asm
   Uses
      None
Comment: .TEXT unused
__main 00000000

Symbol: __main
   Definitions
      At line 6 in file main.asm
   Uses
      At line 4 in file main.asm
Comment: __main used once
2 symbols



ARM Macro Assembler    Page 1 Alphabetic symbol ordering
External symbols

func1 00000000

Symbol: func1
   Definitions
      At line 5 in file main.asm
   Uses
      At line 8 in file main.asm
Comment: func1 used once
1 symbol
336 symbols in table
