


ARM Macro Assembler    Page 1 


    1 00000000                 PRESERVE8
    2 00000000                 THUMB
    3 00000000                 AREA             |.TEXT|,CODE,READONLY
    4 00000000                 EXPORT           __main
    5 00000000         __main
    6 00000000         
    7 00000000 4804            LDR              R0,=0X20000000
    8 00000002 4905            LDR              R1,=0X20000100
    9 00000004 220A            MOVS             R2,#10
   10 00000006         
   11 00000006         loop
   12 00000006 7803            LDRB             R3,[R0]
   13 00000008 700B            STRB             R3,[R1]
   14 0000000A 1C49            ADDS             R1,R1,#1
   15 0000000C 1C40            ADDS             R0,R0,#1
   16 0000000E 1E52            SUBS             R2,R2,#1
   17 00000010 D1F9            BNE              loop
   18 00000012         
   19 00000012 BF00            NOP
   20 00000014                 END
              20000000 
              20000100 
Command Line: --debug --xref --cpu=Cortex-M0 --apcs=interwork --depend=copy10.d
 -ocopy10.o -IC:\Keil\ARM\RV31\Inc -IC:\Keil\ARM\CMSIS\Include -IC:\Keil\ARM\In
c\Nuvoton\NUC1xx --predefine="__EVAL SETA 1" --list=copy10.lst copy10.asm



ARM Macro Assembler    Page 1 Alphabetic symbol ordering
Relocatable symbols

.TEXT 00000000

Symbol: .TEXT
   Definitions
      At line 3 in file copy10.asm
   Uses
      None
Comment: .TEXT unused
__main 00000000

Symbol: __main
   Definitions
      At line 5 in file copy10.asm
   Uses
      At line 4 in file copy10.asm
Comment: __main used once
loop 00000006

Symbol: loop
   Definitions
      At line 11 in file copy10.asm
   Uses
      At line 17 in file copy10.asm
Comment: loop used once
3 symbols
336 symbols in table
