


ARM Macro Assembler    Page 1 


    1 00000000                 PRESERVE8
    2 00000000                 THUMB
    3 00000000                 AREA             |.TEXT|,CODE,READONLY
    4 00000000                 EXPORT           __main
    5 00000000         __main
    6 00000000 4802            LDR              R0 , =0XABCDEF01
    7 00000002 4601            MOV              R1,R0
    8 00000004         
    9 00000004 0140            LSLS             R0 , #5
   10 00000006 0F40            LSRS             R0, #29
   11 00000008 BF00            NOP
   12 0000000A                 END
              00 00 ABCDEF01 
Command Line: --debug --xref --cpu=Cortex-M0 --apcs=interwork --depend=extract.
d -oextract.o -IC:\Keil\ARM\RV31\Inc -IC:\Keil\ARM\CMSIS\Include -IC:\Keil\ARM\
Inc\Nuvoton\NUC1xx --predefine="__EVAL SETA 1" --list=extract.lst extract.asm



ARM Macro Assembler    Page 1 Alphabetic symbol ordering
Relocatable symbols

.TEXT 00000000

Symbol: .TEXT
   Definitions
      At line 3 in file extract.asm
   Uses
      None
Comment: .TEXT unused
__main 00000000

Symbol: __main
   Definitions
      At line 5 in file extract.asm
   Uses
      At line 4 in file extract.asm
Comment: __main used once
2 symbols
335 symbols in table
