


ARM Macro Assembler    Page 1 


    1 00000000                 PRESERVE8
    2 00000000                 THUMB
    3 00000000                 AREA             |.TEXT|, CODE , READONLY
    4 00000000                 EXPORT           __main
    5 00000000         __main
    6 00000000 4803            LDR              R0,=0X00000033
    7 00000002 4904            LDR              R1,=0X00000000
    8 00000004 4A04            LDR              R2,=0X00000005
    9 00000006 4B03            LDR              R3,=0X00000000
   10 00000008 1A80            SUBS             R0,R0,R2
   11 0000000A 4199            SBCS             R1,R1,R3
   12 0000000C         
   13 0000000C BF00            NOP
   14 0000000E                 END
              00 00 00000033 
              00000000 
              00000005 
Command Line: --debug --xref --cpu=Cortex-M0 --apcs=interwork --depend=sub64.d 
-osub64.o -IC:\Keil\ARM\RV31\Inc -IC:\Keil\ARM\CMSIS\Include -IC:\Keil\ARM\Inc\
Nuvoton\NUC1xx --predefine="__EVAL SETA 1" --list=sub64.lst sub64.asm



ARM Macro Assembler    Page 1 Alphabetic symbol ordering
Relocatable symbols

.TEXT 00000000

Symbol: .TEXT
   Definitions
      At line 3 in file sub64.asm
   Uses
      None
Comment: .TEXT unused
__main 00000000

Symbol: __main
   Definitions
      At line 5 in file sub64.asm
   Uses
      At line 4 in file sub64.asm
Comment: __main used once
2 symbols
335 symbols in table
